# JRE version: OpenJDK Runtime Environment (8.0_152-b02) (build 1.8.0_152-release-1024-b02)
# Java VM: OpenJDK 64-Bit Server VM (25.152-b02 mixed mode windows-amd64 compressed oops)
Heap:
 PSYoungGen      total 361984K, used 75141K [0x00000000e0000000, 0x00000000fcc00000, 0x0000000100000000)
  eden space 307200K, 24% used [0x00000000e0000000,0x00000000e4961670,0x00000000f2c00000)
  from space 54784K, 0% used [0x00000000f2c00000,0x00000000f2c00000,0x00000000f6180000)
  to   space 62464K, 0% used [0x00000000f8f00000,0x00000000f8f00000,0x00000000fcc00000)
 ParOldGen       total 280064K, used 105865K [0x00000000a0000000, 0x00000000b1180000, 0x00000000e0000000)
  object space 280064K, 37% used [0x00000000a0000000,0x00000000a6762730,0x00000000b1180000)
 Metaspace       used 133205K, capacity 139550K, committed 141656K, reserved 1173504K
  class space    used 15838K, capacity 17009K, committed 17536K, reserved 1048576K
GC Heap History (10 events):
Event: 27761.098 GC heap before
{Heap before GC invocations=120 (full 4):
 PSYoungGen      total 312320K, used 283602K [0x00000000e0000000, 0x00000000f6300000, 0x0000000100000000)
  eden space 273408K, 89% used [0x00000000e0000000,0x00000000eef2bfd0,0x00000000f0b00000)
  from space 38912K, 99% used [0x00000000f1400000,0x00000000f39c8ba8,0x00000000f3a00000)
  to   space 41984K, 0% used [0x00000000f3a00000,0x00000000f3a00000,0x00000000f6300000)
 ParOldGen       total 250368K, used 160914K [0x00000000a0000000, 0x00000000af480000, 0x00000000e0000000)
  object space 250368K, 64% used [0x00000000a0000000,0x00000000a9d24a30,0x00000000af480000)
 Metaspace       used 122025K, capacity 128850K, committed 129024K, reserved 1161216K
  class space    used 15011K, capacity 16312K, committed 16384K, reserved 1048576K
Event: 27761.128 GC heap after
Heap after GC invocations=120 (full 4):
 PSYoungGen      total 316416K, used 30908K [0x00000000e0000000, 0x00000000f7f00000, 0x0000000100000000)
  eden space 274432K, 0% used [0x00000000e0000000,0x00000000e0000000,0x00000000f0c00000)
  from space 41984K, 73% used [0x00000000f3a00000,0x00000000f582f3a8,0x00000000f6300000)
  to   space 47104K, 0% used [0x00000000f0c00000,0x00000000f0c00000,0x00000000f3a00000)
 ParOldGen       total 250368K, used 161154K [0x00000000a0000000, 0x00000000af480000, 0x00000000e0000000)
  object space 250368K, 64% used [0x00000000a0000000,0x00000000a9d60a50,0x00000000af480000)
 Metaspace       used 122025K, capacity 128850K, committed 129024K, reserved 1161216K
  class space    used 15011K, capacity 16312K, committed 16384K, reserved 1048576K
}
Event: 27761.424 GC heap before
{Heap before GC invocations=121 (full 4):
 PSYoungGen      total 316416K, used 302323K [0x00000000e0000000, 0x00000000f7f00000, 0x0000000100000000)
  eden space 274432K, 98% used [0x00000000e0000000,0x00000000f090daa0,0x00000000f0c00000)
  from space 41984K, 73% used [0x00000000f3a00000,0x00000000f582f3a8,0x00000000f6300000)
  to   space 47104K, 0% used [0x00000000f0c00000,0x00000000f0c00000,0x00000000f3a00000)
 ParOldGen       total 250368K, used 161154K [0x00000000a0000000, 0x00000000af480000, 0x00000000e0000000)
  object space 250368K, 64% used [0x00000000a0000000,0x00000000a9d60a50,0x00000000af480000)
 Metaspace       used 124182K, capacity 131060K, committed 131328K, reserved 1163264K
  class space    used 15319K, capacity 16631K, committed 16640K, reserved 1048576K
Event: 27761.473 GC heap after
Heap after GC invocations=121 (full 4):
 PSYoungGen      total 321536K, used 31238K [0x00000000e0000000, 0x00000000f9100000, 0x0000000100000000)
  eden space 274432K, 0% used [0x00000000e0000000,0x00000000e0000000,0x00000000f0c00000)
  from space 47104K, 66% used [0x00000000f0c00000,0x00000000f2a81b90,0x00000000f3a00000)
  to   space 48640K, 0% used [0x00000000f6180000,0x00000000f6180000,0x00000000f9100000)
 ParOldGen       total 250368K, used 202198K [0x00000000a0000000, 0x00000000af480000, 0x00000000e0000000)
  object space 250368K, 80% used [0x00000000a0000000,0x00000000ac5758b8,0x00000000af480000)
 Metaspace       used 124182K, capacity 131060K, committed 131328K, reserved 1163264K
  class space    used 15319K, capacity 16631K, committed 16640K, reserved 1048576K
}
Event: 27763.564 GC heap before
{Heap before GC invocations=122 (full 4):
 PSYoungGen      total 321536K, used 278176K [0x00000000e0000000, 0x00000000f9100000, 0x0000000100000000)
  eden space 274432K, 89% used [0x00000000e0000000,0x00000000ef126690,0x00000000f0c00000)
  from space 47104K, 66% used [0x00000000f0c00000,0x00000000f2a81b90,0x00000000f3a00000)
  to   space 48640K, 0% used [0x00000000f6180000,0x00000000f6180000,0x00000000f9100000)
 ParOldGen       total 250368K, used 202198K [0x00000000a0000000, 0x00000000af480000, 0x00000000e0000000)
  object space 250368K, 80% used [0x00000000a0000000,0x00000000ac5758b8,0x00000000af480000)
 Metaspace       used 127260K, capacity 134316K, committed 134400K, reserved 1167360K
  class space    used 15482K, capacity 16823K, committed 16896K, reserved 1048576K
Event: 27763.615 GC heap after
Heap after GC invocations=122 (full 4):
 PSYoungGen      total 355840K, used 44976K [0x00000000e0000000, 0x00000000f9b80000, 0x0000000100000000)
  eden space 307200K, 0% used [0x00000000e0000000,0x00000000e0000000,0x00000000f2c00000)
  from space 48640K, 92% used [0x00000000f6180000,0x00000000f8d6c318,0x00000000f9100000)
  to   space 54784K, 0% used [0x00000000f2c00000,0x00000000f2c00000,0x00000000f6180000)
 ParOldGen       total 250368K, used 202254K [0x00000000a0000000, 0x00000000af480000, 0x00000000e0000000)
  object space 250368K, 80% used [0x00000000a0000000,0x00000000ac5838b8,0x00000000af480000)
 Metaspace       used 127260K, capacity 134316K, committed 134400K, reserved 1167360K
  class space    used 15482K, capacity 16823K, committed 16896K, reserved 1048576K
}
Event: 27767.503 GC heap before
{Heap before GC invocations=123 (full 4):
 PSYoungGen      total 355840K, used 333098K [0x00000000e0000000, 0x00000000f9b80000, 0x0000000100000000)
  eden space 307200K, 93% used [0x00000000e0000000,0x00000000f195e8c8,0x00000000f2c00000)
  from space 48640K, 92% used [0x00000000f6180000,0x00000000f8d6c318,0x00000000f9100000)
  to   space 54784K, 0% used [0x00000000f2c00000,0x00000000f2c00000,0x00000000f6180000)
 ParOldGen       total 250368K, used 202254K [0x00000000a0000000, 0x00000000af480000, 0x00000000e0000000)
  object space 250368K, 80% used [0x00000000a0000000,0x00000000ac5838b8,0x00000000af480000)
 Metaspace       used 134471K, capacity 141546K, committed 141656K, reserved 1173504K
  class space    used 16120K, capacity 17436K, committed 17536K, reserved 1048576K
Event: 27767.562 GC heap after
Heap after GC invocations=123 (full 4):
 PSYoungGen      total 361984K, used 52717K [0x00000000e0000000, 0x00000000fcc00000, 0x0000000100000000)
  eden space 307200K, 0% used [0x00000000e0000000,0x00000000e0000000,0x00000000f2c00000)
  from space 54784K, 96% used [0x00000000f2c00000,0x00000000f5f7b7b8,0x00000000f6180000)
  to   space 62464K, 0% used [0x00000000f8f00000,0x00000000f8f00000,0x00000000fcc00000)
 ParOldGen       total 250368K, used 202694K [0x00000000a0000000, 0x00000000af480000, 0x00000000e0000000)
  object space 250368K, 80% used [0x00000000a0000000,0x00000000ac5f18e8,0x00000000af480000)
 Metaspace       used 134471K, capacity 141546K, committed 141656K, reserved 1173504K
  class space    used 16120K, capacity 17436K, committed 17536K, reserved 1048576K
}
Event: 27767.562 GC heap before
{Heap before GC invocations=124 (full 5):
 PSYoungGen      total 361984K, used 52717K [0x00000000e0000000, 0x00000000fcc00000, 0x0000000100000000)
  eden space 307200K, 0% used [0x00000000e0000000,0x00000000e0000000,0x00000000f2c00000)
  from space 54784K, 96% used [0x00000000f2c00000,0x00000000f5f7b7b8,0x00000000f6180000)
  to   space 62464K, 0% used [0x00000000f8f00000,0x00000000f8f00000,0x00000000fcc00000)
 ParOldGen       total 250368K, used 202694K [0x00000000a0000000, 0x00000000af480000, 0x00000000e0000000)
  object space 250368K, 80% used [0x00000000a0000000,0x00000000ac5f18e8,0x00000000af480000)
 Metaspace       used 134471K, capacity 141546K, committed 141656K, reserved 1173504K
  class space    used 16120K, capacity 17436K, committed 17536K, reserved 1048576K
Event: 27768.803 GC heap after
Heap after GC invocations=124 (full 5):
 PSYoungGen      total 361984K, used 0K [0x00000000e0000000, 0x00000000fcc00000, 0x0000000100000000)
  eden space 307200K, 0% used [0x00000000e0000000,0x00000000e0000000,0x00000000f2c00000)
  from space 54784K, 0% used [0x00000000f2c00000,0x00000000f2c00000,0x00000000f6180000)
  to   space 62464K, 0% used [0x00000000f8f00000,0x00000000f8f00000,0x00000000fcc00000)
 ParOldGen       total 280064K, used 105865K [0x00000000a0000000, 0x00000000b1180000, 0x00000000e0000000)
  object space 280064K, 37% used [0x00000000a0000000,0x00000000a6762730,0x00000000b1180000)
 Metaspace       used 132887K, capacity 139184K, committed 141656K, reserved 1173504K
  class space    used 15795K, capacity 16936K, committed 17536K, reserved 1048576K
}

